{"uuid":"ac9422d1-bc15-4c48-85fa-00da60f6885e","name":"Utility.Login_SauceDemo.closebrowser","children":["a645d93a-91dc-479d-a6ae-fd93a193eb50"],"description":"","befores":[],"afters":[{"name":"closebrowser","status":"broken","statusDetails":{"known":false,"muted":false,"flaky":false,"message":"Timed out waiting for driver server to stop.\nBuild info: version: '4.11.0', revision: '040bc5406b'\nSystem info: os.name: 'Windows 10', os.arch: 'amd64', os.version: '10.0', java.version: '22.0.2'\nDriver info: org.openqa.selenium.firefox.FirefoxDriver\nCommand: [89543ce5-9b96-43ca-9cd3-f906db009140, quit {}]\nCapabilities {acceptInsecureCerts: true, browserName: firefox, browserVersion: 136.0.1, moz:accessibilityChecks: false, moz:buildID: 20250310180126, moz:geckodriverVersion: 0.36.0, moz:headless: false, moz:platformVersion: 10.0, moz:processID: 4268, moz:profile: C:\\Users\\Admin\\AppData\\Loca..., moz:shutdownTimeout: 60000, moz:webdriverClick: true, moz:windowless: false, pageLoadStrategy: normal, platformName: windows, proxy: Proxy(), setWindowRect: true, strictFileInteractability: false, timeouts: {implicit: 0, pageLoad: 300000, script: 30000}, unhandledPromptBehavior: dismiss and notify, userAgent: Mozilla/5.0 (Windows NT 10....}","trace":"org.openqa.selenium.WebDriverException: Timed out waiting for driver server to stop.\nBuild info: version: '4.11.0', revision: '040bc5406b'\nSystem info: os.name: 'Windows 10', os.arch: 'amd64', os.version: '10.0', java.version: '22.0.2'\nDriver info: org.openqa.selenium.firefox.FirefoxDriver\nCommand: [89543ce5-9b96-43ca-9cd3-f906db009140, quit {}]\nCapabilities {acceptInsecureCerts: true, browserName: firefox, browserVersion: 136.0.1, moz:accessibilityChecks: false, moz:buildID: 20250310180126, moz:geckodriverVersion: 0.36.0, moz:headless: false, moz:platformVersion: 10.0, moz:processID: 4268, moz:profile: C:\\Users\\Admin\\AppData\\Loca..., moz:shutdownTimeout: 60000, moz:webdriverClick: true, moz:windowless: false, pageLoadStrategy: normal, platformName: windows, proxy: Proxy(), setWindowRect: true, strictFileInteractability: false, timeouts: {implicit: 0, pageLoad: 300000, script: 30000}, unhandledPromptBehavior: dismiss and notify, userAgent: Mozilla/5.0 (Windows NT 10....}\r\n\tat org.openqa.selenium.remote.service.DriverCommandExecutor.execute(DriverCommandExecutor.java:161)\r\n\tat org.openqa.selenium.remote.RemoteWebDriver.execute(RemoteWebDriver.java:518)\r\n\tat org.openqa.selenium.remote.RemoteWebDriver.execute(RemoteWebDriver.java:591)\r\n\tat org.openqa.selenium.remote.RemoteWebDriver.execute(RemoteWebDriver.java:595)\r\n\tat org.openqa.selenium.remote.RemoteWebDriver.quit(RemoteWebDriver.java:433)\r\n\tat org.openqa.selenium.firefox.FirefoxDriver.quit(FirefoxDriver.java:392)\r\n\tat Utility.Login_SauceDemo.closebrowser(Login_SauceDemo.java:84)\r\n\tat java.base/jdk.internal.reflect.DirectMethodHandleAccessor.invoke(DirectMethodHandleAccessor.java:103)\r\n\tat java.base/java.lang.reflect.Method.invoke(Method.java:580)\r\n\tat org.testng.internal.MethodInvocationHelper.invokeMethod(MethodInvocationHelper.java:133)\r\n\tat org.testng.internal.MethodInvocationHelper.invokeMethodConsideringTimeout(MethodInvocationHelper.java:62)\r\n\tat org.testng.internal.ConfigInvoker.invokeConfigurationMethod(ConfigInvoker.java:385)\r\n\tat org.testng.internal.ConfigInvoker.invokeConfigurations(ConfigInvoker.java:321)\r\n\tat org.testng.internal.TestInvoker.runConfigMethods(TestInvoker.java:700)\r\n\tat org.testng.internal.TestInvoker.runAfterGroupsConfigurations(TestInvoker.java:676)\r\n\tat org.testng.internal.TestInvoker.invokeMethod(TestInvoker.java:660)\r\n\tat org.testng.internal.TestInvoker.invokeTestMethod(TestInvoker.java:173)\r\n\tat org.testng.internal.MethodRunner.runInSequence(MethodRunner.java:46)\r\n\tat org.testng.internal.TestInvoker$MethodInvocationAgent.invoke(TestInvoker.java:824)\r\n\tat org.testng.internal.TestInvoker.invokeTestMethods(TestInvoker.java:146)\r\n\tat org.testng.internal.TestMethodWorker.invokeTestMethods(TestMethodWorker.java:146)\r\n\tat org.testng.internal.TestMethodWorker.run(TestMethodWorker.java:128)\r\n\tat java.base/java.util.ArrayList.forEach(ArrayList.java:1597)\r\n\tat org.testng.TestRunner.privateRun(TestRunner.java:794)\r\n\tat org.testng.TestRunner.run(TestRunner.java:596)\r\n\tat org.testng.SuiteRunner.runTest(SuiteRunner.java:377)\r\n\tat org.testng.SuiteRunner.access$000(SuiteRunner.java:28)\r\n\tat org.testng.SuiteRunner$SuiteWorker.run(SuiteRunner.java:418)\r\n\tat org.testng.internal.thread.ThreadUtil.lambda$execute$0(ThreadUtil.java:64)\r\n\tat java.base/java.util.concurrent.FutureTask.run(FutureTask.java:317)\r\n\tat java.base/java.util.concurrent.ThreadPoolExecutor.runWorker(ThreadPoolExecutor.java:1144)\r\n\tat java.base/java.util.concurrent.ThreadPoolExecutor$Worker.run(ThreadPoolExecutor.java:642)\r\n\tat java.base/java.lang.Thread.run(Thread.java:1570)\r\nCaused by: java.util.concurrent.ExecutionException: java.lang.NullPointerException: Cannot invoke \"org.openqa.selenium.os.CommandLine.waitFor(long)\" because \"this.service.process\" is null\r\n\tat java.base/java.util.concurrent.CompletableFuture.reportGet(CompletableFuture.java:396)\r\n\tat java.base/java.util.concurrent.CompletableFuture.get(CompletableFuture.java:2096)\r\n\tat org.openqa.selenium.remote.service.DriverCommandExecutor.execute(DriverCommandExecutor.java:157)\r\n\t... 32 more\r\nCaused by: java.lang.NullPointerException: Cannot invoke \"org.openqa.selenium.os.CommandLine.waitFor(long)\" because \"this.service.process\" is null\r\n\tat org.openqa.selenium.remote.service.DriverCommandExecutor.lambda$execute$2(DriverCommandExecutor.java:148)\r\n\tat java.base/java.util.concurrent.CompletableFuture$AsyncSupply.run(CompletableFuture.java:1768)\r\n\t... 3 more\r\n"},"stage":"finished","description":"","steps":[],"attachments":[],"parameters":[],"start":1742468760690,"stop":1742468760792}],"start":1742468760689,"stop":1742468760792}